

times in msec
 clock   self+sourced   self:  sourced script
 clock   elapsed:              other lines

000.002  000.002: --- VIM STARTING ---
000.069  000.067: Allocated generic buffers
000.155  000.086: locale set
000.161  000.006: window checked
000.578  000.417: inits 1
000.583  000.005: parsing arguments
000.583  000.000: expanding arguments
000.593  000.010: shell init
000.811  000.218: Termcap init
000.834  000.023: inits 2
000.939  000.105: init highlight
001.185  000.161  000.161: sourcing /usr/share/vim/vim74/debian.vim
001.292  000.034  000.034: sourcing /usr/share/vim/vim74/ftoff.vim
001.552  000.165  000.165: sourcing /home/jason/.vim/bundle/Vundle.vim/autoload/vundle.vim
001.782  000.142  000.142: sourcing /home/jason/.vim/bundle/Vundle.vim/autoload/vundle/config.vim
019.519  016.904  016.904: sourcing /usr/share/vim/vim74/filetype.vim
019.674  000.040  000.040: sourcing /usr/share/vim/vim74/ftplugin.vim
019.800  000.038  000.038: sourcing /usr/share/vim/vim74/indent.vim
020.173  000.151  000.151: sourcing /usr/share/vim/vim74/syntax/syncolor.vim
020.292  000.325  000.174: sourcing /usr/share/vim/vim74/syntax/synload.vim
020.318  000.421  000.096: sourcing /usr/share/vim/vim74/syntax/syntax.vim
020.551  000.127  000.127: sourcing /usr/share/vim/vim74/syntax/syncolor.vim
021.411  000.188  000.188: sourcing /usr/share/vim/vim74/syntax/syncolor.vim
021.680  000.135  000.135: sourcing /usr/share/vim/vim74/syntax/syncolor.vim
023.838  003.216  002.893: sourcing /home/jason/.vim/bundle/vim-colors-solarized/colors/solarized.vim
024.297  000.008  000.008: sourcing /usr/share/vim/vim74/filetype.vim
024.376  000.006  000.006: sourcing /usr/share/vim/vim74/ftplugin.vim
024.447  000.005  000.005: sourcing /usr/share/vim/vim74/indent.vim
024.551  023.578  002.311: sourcing $VIM/vimrc
024.572  000.055: sourcing vimrc file(s)
024.704  000.028  000.028: sourcing /home/jason/.vim/plugin/heloworld/plugin/heloworld.vim
025.156  000.394  000.394: sourcing /home/jason/.vim/bundle/YouCompleteMe/plugin/youcompleteme.vim
025.346  000.009  000.009: sourcing /home/jason/.vim/bundle/syntastic/plugin/syntastic/autoloclist.vim
025.368  000.006  000.006: sourcing /home/jason/.vim/bundle/syntastic/plugin/syntastic/balloons.vim
025.386  000.006  000.006: sourcing /home/jason/.vim/bundle/syntastic/plugin/syntastic/checker.vim
025.408  000.005  000.005: sourcing /home/jason/.vim/bundle/syntastic/plugin/syntastic/cursor.vim
025.425  000.006  000.006: sourcing /home/jason/.vim/bundle/syntastic/plugin/syntastic/highlighting.vim
025.441  000.005  000.005: sourcing /home/jason/.vim/bundle/syntastic/plugin/syntastic/loclist.vim
025.456  000.005  000.005: sourcing /home/jason/.vim/bundle/syntastic/plugin/syntastic/modemap.vim
025.472  000.005  000.005: sourcing /home/jason/.vim/bundle/syntastic/plugin/syntastic/notifiers.vim
025.488  000.005  000.005: sourcing /home/jason/.vim/bundle/syntastic/plugin/syntastic/registry.vim
025.503  000.005  000.005: sourcing /home/jason/.vim/bundle/syntastic/plugin/syntastic/signs.vim
025.759  000.173  000.173: sourcing /home/jason/.vim/bundle/syntastic/autoload/syntastic/log.vim
026.124  000.287  000.287: sourcing /home/jason/.vim/bundle/syntastic/autoload/syntastic/util.vim
037.229  000.058  000.058: sourcing /home/jason/.vim/bundle/syntastic/plugin/syntastic/autoloclist.vim
037.312  000.049  000.049: sourcing /home/jason/.vim/bundle/syntastic/plugin/syntastic/balloons.vim
037.476  000.145  000.145: sourcing /home/jason/.vim/bundle/syntastic/plugin/syntastic/checker.vim
037.580  000.086  000.086: sourcing /home/jason/.vim/bundle/syntastic/plugin/syntastic/cursor.vim
037.666  000.070  000.070: sourcing /home/jason/.vim/bundle/syntastic/plugin/syntastic/highlighting.vim
037.986  000.303  000.303: sourcing /home/jason/.vim/bundle/syntastic/plugin/syntastic/loclist.vim
038.100  000.099  000.099: sourcing /home/jason/.vim/bundle/syntastic/plugin/syntastic/modemap.vim
038.182  000.068  000.068: sourcing /home/jason/.vim/bundle/syntastic/plugin/syntastic/notifiers.vim
038.495  000.299  000.299: sourcing /home/jason/.vim/bundle/syntastic/plugin/syntastic/registry.vim
038.625  000.097  000.097: sourcing /home/jason/.vim/bundle/syntastic/plugin/syntastic/signs.vim
039.587  014.073  012.339: sourcing /home/jason/.vim/bundle/syntastic/plugin/syntastic.vim
040.009  000.154  000.154: sourcing /usr/share/vim/vim74/plugin/getscriptPlugin.vim
040.716  000.673  000.673: sourcing /usr/share/vim/vim74/plugin/gzip.vim
041.023  000.279  000.279: sourcing /usr/share/vim/vim74/plugin/matchparen.vim
041.860  000.808  000.808: sourcing /usr/share/vim/vim74/plugin/netrwPlugin.vim
041.927  000.018  000.018: sourcing /usr/share/vim/vim74/plugin/rrhelper.vim
041.996  000.041  000.041: sourcing /usr/share/vim/vim74/plugin/spellfile.vim
042.316  000.286  000.286: sourcing /usr/share/vim/vim74/plugin/tarPlugin.vim
042.489  000.136  000.136: sourcing /usr/share/vim/vim74/plugin/tohtml.vim
042.776  000.254  000.254: sourcing /usr/share/vim/vim74/plugin/vimballPlugin.vim
043.250  000.413  000.413: sourcing /usr/share/vim/vim74/plugin/zipPlugin.vim
043.387  001.201: loading plugins
043.401  000.014: inits 3
043.681  000.280: reading viminfo
043.715  000.034: setting raw mode
043.726  000.011: start termcap
043.852  000.126: clearing screen
044.560  000.708: opening buffers
045.634  001.074: BufEnter autocommands
045.637  000.003: editing files in windows
055.619  009.872  009.872: sourcing /home/jason/.vim/bundle/YouCompleteMe/autoload/youcompleteme.vim
123.732  068.223: VimEnter autocommands
123.735  000.003: before starting main loop
124.154  000.419: first screen update
124.155  000.001: --- VIM STARTED ---


times in msec
 clock   self+sourced   self:  sourced script
 clock   elapsed:              other lines

000.006  000.006: --- VIM STARTING ---
000.125  000.119: Allocated generic buffers
000.254  000.129: locale set
000.263  000.009: window checked
000.864  000.601: inits 1
000.876  000.012: parsing arguments
000.877  000.001: expanding arguments
000.891  000.014: shell init
001.174  000.283: Termcap init
001.204  000.030: inits 2
001.325  000.121: init highlight
001.706  000.251  000.251: sourcing /usr/share/vim/vim74/debian.vim
001.878  000.038  000.038: sourcing /usr/share/vim/vim74/ftoff.vim
002.255  000.268  000.268: sourcing /home/jason/.vim/bundle/Vundle.vim/autoload/vundle.vim
002.824  000.422  000.422: sourcing /home/jason/.vim/bundle/Vundle.vim/autoload/vundle/config.vim
027.564  022.949  022.949: sourcing /usr/share/vim/vim74/filetype.vim
027.699  000.034  000.034: sourcing /usr/share/vim/vim74/ftplugin.vim
027.802  000.028  000.028: sourcing /usr/share/vim/vim74/indent.vim
028.130  000.154  000.154: sourcing /usr/share/vim/vim74/syntax/syncolor.vim
028.240  000.317  000.163: sourcing /usr/share/vim/vim74/syntax/synload.vim
028.266  000.399  000.082: sourcing /usr/share/vim/vim74/syntax/syntax.vim
028.500  000.130  000.130: sourcing /usr/share/vim/vim74/syntax/syncolor.vim
029.269  000.146  000.146: sourcing /usr/share/vim/vim74/syntax/syncolor.vim
029.530  000.132  000.132: sourcing /usr/share/vim/vim74/syntax/syncolor.vim
031.266  002.696  002.418: sourcing /home/jason/.vim/bundle/vim-colors-solarized/colors/solarized.vim
031.660  000.007  000.007: sourcing /usr/share/vim/vim74/filetype.vim
031.734  000.005  000.005: sourcing /usr/share/vim/vim74/ftplugin.vim
031.801  000.005  000.005: sourcing /usr/share/vim/vim74/indent.vim
031.891  030.519  003.287: sourcing $VIM/vimrc
031.910  000.066: sourcing vimrc file(s)
032.022  000.023  000.023: sourcing /home/jason/.vim/plugin/heloworld/plugin/heloworld.vim
032.383  000.308  000.308: sourcing /home/jason/.vim/bundle/YouCompleteMe/plugin/youcompleteme.vim
032.565  000.009  000.009: sourcing /home/jason/.vim/bundle/syntastic/plugin/syntastic/autoloclist.vim
032.585  000.006  000.006: sourcing /home/jason/.vim/bundle/syntastic/plugin/syntastic/balloons.vim
032.603  000.006  000.006: sourcing /home/jason/.vim/bundle/syntastic/plugin/syntastic/checker.vim
032.620  000.005  000.005: sourcing /home/jason/.vim/bundle/syntastic/plugin/syntastic/cursor.vim
032.636  000.005  000.005: sourcing /home/jason/.vim/bundle/syntastic/plugin/syntastic/highlighting.vim
032.652  000.005  000.005: sourcing /home/jason/.vim/bundle/syntastic/plugin/syntastic/loclist.vim
032.668  000.006  000.006: sourcing /home/jason/.vim/bundle/syntastic/plugin/syntastic/modemap.vim
032.683  000.005  000.005: sourcing /home/jason/.vim/bundle/syntastic/plugin/syntastic/notifiers.vim
032.699  000.005  000.005: sourcing /home/jason/.vim/bundle/syntastic/plugin/syntastic/registry.vim
032.715  000.005  000.005: sourcing /home/jason/.vim/bundle/syntastic/plugin/syntastic/signs.vim
032.934  000.141  000.141: sourcing /home/jason/.vim/bundle/syntastic/autoload/syntastic/log.vim
033.269  000.258  000.258: sourcing /home/jason/.vim/bundle/syntastic/autoload/syntastic/util.vim
044.868  000.054  000.054: sourcing /home/jason/.vim/bundle/syntastic/plugin/syntastic/autoloclist.vim
044.961  000.060  000.060: sourcing /home/jason/.vim/bundle/syntastic/plugin/syntastic/balloons.vim
045.142  000.155  000.155: sourcing /home/jason/.vim/bundle/syntastic/plugin/syntastic/checker.vim
045.274  000.102  000.102: sourcing /home/jason/.vim/bundle/syntastic/plugin/syntastic/cursor.vim
045.377  000.078  000.078: sourcing /home/jason/.vim/bundle/syntastic/plugin/syntastic/highlighting.vim
045.682  000.286  000.286: sourcing /home/jason/.vim/bundle/syntastic/plugin/syntastic/loclist.vim
045.793  000.094  000.094: sourcing /home/jason/.vim/bundle/syntastic/plugin/syntastic/modemap.vim
045.877  000.070  000.070: sourcing /home/jason/.vim/bundle/syntastic/plugin/syntastic/notifiers.vim
046.163  000.271  000.271: sourcing /home/jason/.vim/bundle/syntastic/plugin/syntastic/registry.vim
046.309  000.083  000.083: sourcing /home/jason/.vim/bundle/syntastic/plugin/syntastic/signs.vim
047.606  014.880  013.228: sourcing /home/jason/.vim/bundle/syntastic/plugin/syntastic.vim
047.976  000.107  000.107: sourcing /usr/share/vim/vim74/plugin/getscriptPlugin.vim
048.458  000.457  000.457: sourcing /usr/share/vim/vim74/plugin/gzip.vim
048.708  000.226  000.226: sourcing /usr/share/vim/vim74/plugin/matchparen.vim
049.412  000.680  000.680: sourcing /usr/share/vim/vim74/plugin/netrwPlugin.vim
049.468  000.015  000.015: sourcing /usr/share/vim/vim74/plugin/rrhelper.vim
049.528  000.036  000.036: sourcing /usr/share/vim/vim74/plugin/spellfile.vim
049.794  000.232  000.232: sourcing /usr/share/vim/vim74/plugin/tarPlugin.vim
049.941  000.114  000.114: sourcing /usr/share/vim/vim74/plugin/tohtml.vim
050.163  000.197  000.197: sourcing /usr/share/vim/vim74/plugin/vimballPlugin.vim
050.468  000.263  000.263: sourcing /usr/share/vim/vim74/plugin/zipPlugin.vim
050.579  001.074: loading plugins
050.590  000.011: inits 3
050.761  000.171: reading viminfo
050.781  000.020: setting raw mode
050.787  000.006: start termcap
050.832  000.045: clearing screen
051.096  000.264: opening buffers
051.625  000.529: BufEnter autocommands
051.627  000.002: editing files in windows
051.668  000.007  000.007: sourcing ../../plugin/plugin.vim
051.675  000.041: executing command arguments
059.771  008.039  008.039: sourcing /home/jason/.vim/bundle/YouCompleteMe/autoload/youcompleteme.vim
123.023  063.309: VimEnter autocommands
123.028  000.005: before starting main loop
123.743  000.715: first screen update
123.745  000.002: --- VIM STARTED ---


times in msec
 clock   self+sourced   self:  sourced script
 clock   elapsed:              other lines

000.006  000.006: --- VIM STARTING ---
000.126  000.120: Allocated generic buffers
000.255  000.129: locale set
000.263  000.008: window checked
000.886  000.623: inits 1
000.899  000.013: parsing arguments
000.900  000.001: expanding arguments
000.914  000.014: shell init
001.244  000.330: Termcap init
001.283  000.039: inits 2
001.439  000.156: init highlight
001.818  000.232  000.232: sourcing /usr/share/vim/vim74/debian.vim
001.952  000.031  000.031: sourcing /usr/share/vim/vim74/ftoff.vim
002.262  000.221  000.221: sourcing /home/jason/.vim/bundle/Vundle.vim/autoload/vundle.vim
002.573  000.188  000.188: sourcing /home/jason/.vim/bundle/Vundle.vim/autoload/vundle/config.vim
025.210  021.508  021.508: sourcing /usr/share/vim/vim74/filetype.vim
025.399  000.050  000.050: sourcing /usr/share/vim/vim74/ftplugin.vim
025.549  000.043  000.043: sourcing /usr/share/vim/vim74/indent.vim
026.081  000.245  000.245: sourcing /usr/share/vim/vim74/syntax/syncolor.vim
026.247  000.499  000.254: sourcing /usr/share/vim/vim74/syntax/synload.vim
026.289  000.631  000.132: sourcing /usr/share/vim/vim74/syntax/syntax.vim
026.670  000.215  000.215: sourcing /usr/share/vim/vim74/syntax/syncolor.vim
027.802  000.205  000.205: sourcing /usr/share/vim/vim74/syntax/syncolor.vim
028.202  000.206  000.206: sourcing /usr/share/vim/vim74/syntax/syncolor.vim
030.033  003.250  002.839: sourcing /home/jason/.vim/bundle/vim-colors-solarized/colors/solarized.vim
030.432  000.007  000.007: sourcing /usr/share/vim/vim74/filetype.vim
030.505  000.006  000.006: sourcing /usr/share/vim/vim74/ftplugin.vim
030.570  000.004  000.004: sourcing /usr/share/vim/vim74/indent.vim
030.664  029.164  002.778: sourcing $VIM/vimrc
030.683  000.080: sourcing vimrc file(s)
030.809  000.035  000.035: sourcing /home/jason/.vim/plugin/heloworld/plugin/heloworld.vim
031.209  000.342  000.342: sourcing /home/jason/.vim/bundle/YouCompleteMe/plugin/youcompleteme.vim
031.423  000.009  000.009: sourcing /home/jason/.vim/bundle/syntastic/plugin/syntastic/autoloclist.vim
031.472  000.006  000.006: sourcing /home/jason/.vim/bundle/syntastic/plugin/syntastic/balloons.vim
031.491  000.007  000.007: sourcing /home/jason/.vim/bundle/syntastic/plugin/syntastic/checker.vim
031.508  000.005  000.005: sourcing /home/jason/.vim/bundle/syntastic/plugin/syntastic/cursor.vim
031.524  000.005  000.005: sourcing /home/jason/.vim/bundle/syntastic/plugin/syntastic/highlighting.vim
031.539  000.005  000.005: sourcing /home/jason/.vim/bundle/syntastic/plugin/syntastic/loclist.vim
031.556  000.006  000.006: sourcing /home/jason/.vim/bundle/syntastic/plugin/syntastic/modemap.vim
031.571  000.005  000.005: sourcing /home/jason/.vim/bundle/syntastic/plugin/syntastic/notifiers.vim
031.587  000.005  000.005: sourcing /home/jason/.vim/bundle/syntastic/plugin/syntastic/registry.vim
031.602  000.005  000.005: sourcing /home/jason/.vim/bundle/syntastic/plugin/syntastic/signs.vim
031.824  000.142  000.142: sourcing /home/jason/.vim/bundle/syntastic/autoload/syntastic/log.vim
032.154  000.253  000.253: sourcing /home/jason/.vim/bundle/syntastic/autoload/syntastic/util.vim
043.128  000.037  000.037: sourcing /home/jason/.vim/bundle/syntastic/plugin/syntastic/autoloclist.vim
043.188  000.042  000.042: sourcing /home/jason/.vim/bundle/syntastic/plugin/syntastic/balloons.vim
043.323  000.122  000.122: sourcing /home/jason/.vim/bundle/syntastic/plugin/syntastic/checker.vim
043.409  000.073  000.073: sourcing /home/jason/.vim/bundle/syntastic/plugin/syntastic/cursor.vim
043.482  000.060  000.060: sourcing /home/jason/.vim/bundle/syntastic/plugin/syntastic/highlighting.vim
043.753  000.258  000.258: sourcing /home/jason/.vim/bundle/syntastic/plugin/syntastic/loclist.vim
043.856  000.088  000.088: sourcing /home/jason/.vim/bundle/syntastic/plugin/syntastic/modemap.vim
043.931  000.062  000.062: sourcing /home/jason/.vim/bundle/syntastic/plugin/syntastic/notifiers.vim
044.180  000.236  000.236: sourcing /home/jason/.vim/bundle/syntastic/plugin/syntastic/registry.vim
044.306  000.077  000.077: sourcing /home/jason/.vim/bundle/syntastic/plugin/syntastic/signs.vim
045.110  013.497  012.047: sourcing /home/jason/.vim/bundle/syntastic/plugin/syntastic.vim
045.356  000.076  000.076: sourcing /usr/share/vim/vim74/plugin/getscriptPlugin.vim
046.005  000.633  000.633: sourcing /usr/share/vim/vim74/plugin/gzip.vim
046.170  000.143  000.143: sourcing /usr/share/vim/vim74/plugin/matchparen.vim
046.660  000.475  000.475: sourcing /usr/share/vim/vim74/plugin/netrwPlugin.vim
046.696  000.009  000.009: sourcing /usr/share/vim/vim74/plugin/rrhelper.vim
046.734  000.023  000.023: sourcing /usr/share/vim/vim74/plugin/spellfile.vim
046.901  000.148  000.148: sourcing /usr/share/vim/vim74/plugin/tarPlugin.vim
046.992  000.070  000.070: sourcing /usr/share/vim/vim74/plugin/tohtml.vim
047.129  000.121  000.121: sourcing /usr/share/vim/vim74/plugin/vimballPlugin.vim
047.334  000.177  000.177: sourcing /usr/share/vim/vim74/plugin/zipPlugin.vim
047.416  000.926: loading plugins
047.423  000.007: inits 3
047.547  000.124: reading viminfo
047.565  000.018: setting raw mode
047.581  000.016: start termcap
047.621  000.040: clearing screen
047.880  000.259: opening buffers
048.368  000.488: BufEnter autocommands
048.370  000.002: editing files in windows
048.408  000.007  000.007: sourcing ../../plugin/plugin.vim
048.414  000.037: executing command arguments
057.035  008.556  008.556: sourcing /home/jason/.vim/bundle/YouCompleteMe/autoload/youcompleteme.vim
119.726  062.756: VimEnter autocommands
119.730  000.004: before starting main loop
120.205  000.475: first screen update
120.206  000.001: --- VIM STARTED ---
